Performing C SOURCE FILE Test CMAKE_HAVE_LIBC_PTHREAD failed with the following output:
Change Dir: /home/dt592/Geant4Work/gamma_sim/gamma_sim-build/CMakeFiles/CMakeTmp

Run Build Command(s):/usr/bin/gmake -f Makefile cmTC_01684/fast && /usr/bin/gmake  -f CMakeFiles/cmTC_01684.dir/build.make CMakeFiles/cmTC_01684.dir/build
gmake[1]: Entering directory `/vast/palmer/home.grace/dt592/Geant4Work/gamma_sim/gamma_sim-build/CMakeFiles/CMakeTmp'
Building C object CMakeFiles/cmTC_01684.dir/src.c.o
/gpfs/loomis/apps/avx/software/GCCcore/10.2.0/bin/cc -DCMAKE_HAVE_LIBC_PTHREAD   -o CMakeFiles/cmTC_01684.dir/src.c.o -c /home/dt592/Geant4Work/gamma_sim/gamma_sim-build/CMakeFiles/CMakeTmp/src.c
Linking C executable cmTC_01684
/vast/palmer/apps/avx.grace/software/CMake/3.20.1-GCCcore-10.2.0/bin/cmake -E cmake_link_script CMakeFiles/cmTC_01684.dir/link.txt --verbose=1
/gpfs/loomis/apps/avx/software/GCCcore/10.2.0/bin/cc CMakeFiles/cmTC_01684.dir/src.c.o -o cmTC_01684 
CMakeFiles/cmTC_01684.dir/src.c.o:src.c:function main: error: undefined reference to 'pthread_create'
CMakeFiles/cmTC_01684.dir/src.c.o:src.c:function main: error: undefined reference to 'pthread_detach'
CMakeFiles/cmTC_01684.dir/src.c.o:src.c:function main: error: undefined reference to 'pthread_cancel'
CMakeFiles/cmTC_01684.dir/src.c.o:src.c:function main: error: undefined reference to 'pthread_join'
CMakeFiles/cmTC_01684.dir/src.c.o:src.c:function main: error: undefined reference to 'pthread_atfork'
collect2: error: ld returned 1 exit status
gmake[1]: *** [cmTC_01684] Error 1
gmake[1]: Leaving directory `/vast/palmer/home.grace/dt592/Geant4Work/gamma_sim/gamma_sim-build/CMakeFiles/CMakeTmp'
gmake: *** [cmTC_01684/fast] Error 2


Source file was:
#include <pthread.h>

static void* test_func(void* data)
{
  return data;
}

int main(void)
{
  pthread_t thread;
  pthread_create(&thread, NULL, test_func, NULL);
  pthread_detach(thread);
  pthread_cancel(thread);
  pthread_join(thread, NULL);
  pthread_atfork(NULL, NULL, NULL);
  pthread_exit(NULL);

  return 0;
}

